Automated commit on Sat Feb  8 22:24:28 UTC 2025
Automated commit on Sat Feb  8 22:30:29 UTC 2025
Automated commit on Sun Feb  9 22:30:21 UTC 2025
Automated commit on Mon Feb 10 22:30:11 UTC 2025
Automated commit on Tue Feb 11 22:31:33 UTC 2025
Automated commit on Wed Feb 12 22:31:22 UTC 2025
Automated commit on Thu Feb 13 22:31:16 UTC 2025
Automated commit on Fri Feb 14 22:30:42 UTC 2025
Automated commit on Sat Feb 15 22:31:15 UTC 2025
Automated commit on Sun Feb 16 22:29:48 UTC 2025
Automated commit on Mon Feb 17 22:30:33 UTC 2025
Automated commit on Tue Feb 18 22:31:39 UTC 2025
Automated commit on Wed Feb 19 22:29:53 UTC 2025
Automated commit on Thu Feb 20 22:31:31 UTC 2025
Automated commit on Fri Feb 21 22:31:10 UTC 2025
Automated commit on Sat Feb 22 22:29:54 UTC 2025
Automated commit on Sun Feb 23 22:30:19 UTC 2025
Automated commit on Mon Feb 24 22:31:59 UTC 2025
Automated commit on Tue Feb 25 22:32:09 UTC 2025
Automated commit on Wed Feb 26 22:32:07 UTC 2025
Automated commit on Thu Feb 27 22:33:06 UTC 2025
Automated commit on Fri Feb 28 22:31:59 UTC 2025
Automated commit on Sat Mar  1 22:30:55 UTC 2025
Automated commit on Sun Mar  2 22:31:29 UTC 2025
Automated commit on Mon Mar  3 22:32:18 UTC 2025
Automated commit on Tue Mar  4 22:30:50 UTC 2025
